<?xml version="1.0" encoding="UTF-8"?>
<!-- Generated by org.testng.reporters.JUnitXMLReporter -->
<testsuite hostname="PMY02794" name="Default test" tests="3" failures="0" timestamp="30 Mar 2015 05:53:38 GMT" time="0.935" errors="0">
  <testcase name="getByTalksTypeParAnnee" time="0.86" classname="fr.chronopost.labs.data.CassandraAccessTest"/>
  <testcase name="getTopBuzzwords" time="0.05" classname="fr.chronopost.labs.data.CassandraAccessTest"/>
  <testcase name="getTopSociete" time="0.013" classname="fr.chronopost.labs.data.CassandraAccessTest"/>
</testsuite> <!-- Default test -->
